<?xml version='1.0' encoding='UTF-8'?>
<testsuite hostname="BLRWX11127" name="TriangleTest" tests="17" errors="0" failures="0" skipped="0" time="0.053" timestamp="2018-08-15T01:34:48">
                     <properties>
[...]
</properties>
                     <testcase classname="TriangleTest" name="equilateral - true if all sides are equal" time="0.043">
                                                 
                                               </testcase><testcase classname="TriangleTest" name="equilateral - false if any side is unequal" time="0.001">
                                                 
                                               </testcase><testcase classname="TriangleTest" name="equilateral - false if no sides are equal" time="0.0">
                                                 
                                               </testcase><testcase classname="TriangleTest" name="equilateral - All zero sides are illegal, so the triangle is not equilateral" time="0.001">
                                                 
                                               </testcase><testcase classname="TriangleTest" name="equilateral - sides may be floats" time="0.0">
                                                 
                                               </testcase><testcase classname="TriangleTest" name="isosceles - true if last two sides are equal" time="0.001">
                                                 
                                               </testcase><testcase classname="TriangleTest" name="isosceles - true if first two sides are equal" time="0.001">
                                                 
                                               </testcase><testcase classname="TriangleTest" name="isosceles - true if first and last sides are equal" time="0.002">
                                                 
                                               </testcase><testcase classname="TriangleTest" name="isosceles - equilateral triangles are also isosceles" time="0.001">
                                                 
                                               </testcase><testcase classname="TriangleTest" name="isosceles - false if no sides are equal" time="0.0">
                                                 
                                               </testcase><testcase classname="TriangleTest" name="isosceles - Sides that violate triangle inequality are not isosceles, even if two are equal" time="0.001">
                                                 
                                               </testcase><testcase classname="TriangleTest" name="isosceles - sides may be floats" time="0.001">
                                                 
                                               </testcase><testcase classname="TriangleTest" name="scalene - true if no sides are equal" time="0.0">
                                                 
                                               </testcase><testcase classname="TriangleTest" name="scalene - false if all sides are equal" time="0.0">
                                                 
                                               </testcase><testcase classname="TriangleTest" name="scalene - false if two sides are equal" time="0.0">
                                                 
                                               </testcase><testcase classname="TriangleTest" name="scalene - Sides that violate triangle inequality are not scalene, even if they are all different" time="0.0">
                                                 
                                               </testcase><testcase classname="TriangleTest" name="scalene - sides may be floats" time="0.001">
                                                 
                                               </testcase>
                     <system-out><![CDATA[]]></system-out>
                     <system-err><![CDATA[]]></system-err>
                   </testsuite>